Starting Daemon...
GetJob event received from VP 1 ... No job. VP is gonna wait.
NewJob event received... Bypassing AnahyVM! Job assigned to VP 1
GetJob event received from VP 0 ... No job. VP is gonna wait.
Waiting for events...
NewJob event received... Bypassing AnahyVM! Job assigned to VP 0
Waiting for events...
NewJob event received... Job posted.Waiting for events...
NewJob event received... Job posted.GetJob event received from VP 1 ... Job assigned!
NewJob event received... Job posted.GetJob event received from VP 0 ... Job assigned!
Waiting for events...
NewJob event received... Job posted.NewJob event received... Job posted.NewJob event received... Job posted.GetJob event received from VP 1 ... Job assigned!
Waiting for events...
NewJob event received... Job posted.NewJob event received... Job posted.GetJob event received from VP 1 ... Job assigned!
NewJob event received... Job posted.NewJob event received... Job posted.GetJob event received from VP 0 ... Job assigned!
NewJob event received... Job posted.GetJob event received from VP 1 ... Job assigned!
Waiting for events...
NewJob event received... Job posted.Waiting for events...
NewJob event received... Job posted.GetJob event received from VP 1 ... Job assigned!
Waiting for events...
NewJob event received... Job posted.Waiting for events...
NewJob event received... Job posted.GetJob event received from VP 0 ... Job assigned!
Waiting for events...
NewJob event received... Job posted.NewJob event received... Job posted.GetJob event received from VP 1 ... Job assigned!
Waiting for events...
NewJob event received... Job posted.NewJob event received... Job posted.GetJob event received from VP 1 ... Job assigned!
Waiting for events...
NewJob event received... Job posted.NewJob event received... Job posted.GetJob event received from VP 1 ... Job assigned!
Waiting for events...
GetJob event received from VP 1 ... Job assigned!
Waiting for events...
GetJob event received from VP 0 ... Job assigned!
Waiting for events...
GetJob event received from VP 0 ... Job assigned!
